c:\users\islai\source\repos\ac_nopaste_internal_cheat\ac_nopaste_internal_cheat\debug\vc143.pdb
c:\users\islai\source\repos\ac_nopaste_internal_cheat\ac_nopaste_internal_cheat\debug\vc143.idb
c:\users\islai\source\repos\ac_nopaste_internal_cheat\ac_nopaste_internal_cheat\debug\gldraw.obj
c:\users\islai\source\repos\ac_nopaste_internal_cheat\ac_nopaste_internal_cheat\debug\geom.obj
c:\users\islai\source\repos\ac_nopaste_internal_cheat\ac_nopaste_internal_cheat\debug\dllmain.obj
c:\users\islai\source\repos\ac_nopaste_internal_cheat\ac_nopaste_internal_cheat\debug\esp.obj
c:\users\islai\source\repos\ac_nopaste_internal_cheat\ac_nopaste_internal_cheat\debug\vector3.obj
c:\users\islai\source\repos\ac_nopaste_internal_cheat\ac_nopaste_internal_cheat\debug\imgui.obj
c:\users\islai\source\repos\ac_nopaste_internal_cheat\ac_nopaste_internal_cheat\debug\imgui_impl_opengl3.obj
c:\users\islai\source\repos\ac_nopaste_internal_cheat\ac_nopaste_internal_cheat\debug\imgui_impl_glfw.obj
c:\users\islai\source\repos\ac_nopaste_internal_cheat\ac_nopaste_internal_cheat\debug\imgui_widgets.obj
c:\users\islai\source\repos\ac_nopaste_internal_cheat\ac_nopaste_internal_cheat\debug\imgui_tables.obj
c:\users\islai\source\repos\ac_nopaste_internal_cheat\ac_nopaste_internal_cheat\debug\imgui_draw.obj
c:\users\islai\source\repos\ac_nopaste_internal_cheat\ac_nopaste_internal_cheat\debug\imgui_demo.obj
c:\users\islai\source\repos\ac_nopaste_internal_cheat\ac_nopaste_internal_cheat\debug\gltext.obj
c:\users\islai\source\repos\ac_nopaste_internal_cheat\ac_nopaste_internal_cheat\debug\imgui_impl_win32.obj
c:\users\islai\source\repos\ac_nopaste_internal_cheat\ac_nopaste_internal_cheat\debug\imgui_impl_opengl2.obj
c:\users\islai\source\repos\ac_nopaste_internal_cheat\ac_nopaste_internal_cheat\debug\settings.obj
c:\users\islai\source\repos\ac_nopaste_internal_cheat\ac_nopaste_internal_cheat\debug\menu.obj
c:\users\islai\source\repos\ac_nopaste_internal_cheat\ac_nopaste_internal_cheat\debug\hook.obj
c:\users\islai\source\repos\ac_nopaste_internal_cheat\ac_nopaste_internal_cheat\debug\scanner.obj
c:\users\islai\source\repos\ac_nopaste_internal_cheat\debug\ac_nopaste_internal_cheat.dll
c:\users\islai\source\repos\ac_nopaste_internal_cheat\ac_nopaste_internal_cheat\debug\ac_nopaste_internal_cheat.ilk
c:\users\islai\source\repos\ac_nopaste_internal_cheat\debug\ac_nopaste_internal_cheat.pdb
c:\users\islai\source\repos\ac_nopaste_internal_cheat\ac_nopaste_internal_cheat\debug\pch.obj
c:\users\islai\source\repos\ac_nopaste_internal_cheat\ac_nopaste_internal_cheat\debug\sdl_mouse.obj
c:\users\islai\source\repos\ac_nopaste_internal_cheat\ac_nopaste_internal_cheat\debug\dllmain.obj.enc
c:\users\islai\source\repos\ac_nopaste_internal_cheat\ac_nopaste_internal_cheat\debug\ac_nopaste_internal_cheat.pch
c:\users\islai\source\repos\ac_nopaste_internal_cheat\ac_nopaste_internal_cheat\debug\ac_nopas.4ccb4b58.tlog\cl.command.1.tlog
c:\users\islai\source\repos\ac_nopaste_internal_cheat\ac_nopaste_internal_cheat\debug\ac_nopas.4ccb4b58.tlog\cl.read.1.tlog
c:\users\islai\source\repos\ac_nopaste_internal_cheat\ac_nopaste_internal_cheat\debug\ac_nopas.4ccb4b58.tlog\cl.write.1.tlog
c:\users\islai\source\repos\ac_nopaste_internal_cheat\ac_nopaste_internal_cheat\debug\ac_nopas.4ccb4b58.tlog\link.command.1.tlog
c:\users\islai\source\repos\ac_nopaste_internal_cheat\ac_nopaste_internal_cheat\debug\ac_nopas.4ccb4b58.tlog\link.read.1.tlog
c:\users\islai\source\repos\ac_nopaste_internal_cheat\ac_nopaste_internal_cheat\debug\ac_nopas.4ccb4b58.tlog\link.write.1.tlog
